# JRE version: Java(TM) SE Runtime Environment (8.0_111-b14) (build 1.8.0_111-b14)
# Java VM: Java HotSpot(TM) 64-Bit Server VM (25.111-b14 mixed mode windows-amd64 compressed oops)
Heap:
 PSYoungGen      total 38400K, used 321K [0x00000000d5e00000, 0x00000000d8880000, 0x0000000100000000)
  eden space 33280K, 0% used [0x00000000d5e00000,0x00000000d5e00000,0x00000000d7e80000)
  from space 5120K, 6% used [0x00000000d8380000,0x00000000d83d0550,0x00000000d8880000)
  to   space 5120K, 0% used [0x00000000d7e80000,0x00000000d7e80000,0x00000000d8380000)
 ParOldGen       total 60928K, used 4704K [0x0000000081a00000, 0x0000000085580000, 0x00000000d5e00000)
  object space 60928K, 7% used [0x0000000081a00000,0x0000000081e982e8,0x0000000085580000)
 Metaspace       used 17478K, capacity 17724K, committed 18048K, reserved 1079296K
  class space    used 1981K, capacity 2066K, committed 2176K, reserved 1048576K
GC Heap History (10 events):
Event: 0.320 GC heap after
Heap after GC invocations=1 (full 0):
 PSYoungGen      total 38400K, used 768K [0x00000000d5e00000, 0x00000000d8880000, 0x0000000100000000)
  eden space 33280K, 0% used [0x00000000d5e00000,0x00000000d5e00000,0x00000000d7e80000)
  from space 5120K, 15% used [0x00000000d7e80000,0x00000000d7f40020,0x00000000d8380000)
  to   space 5120K, 0% used [0x00000000d8380000,0x00000000d8380000,0x00000000d8880000)
 ParOldGen       total 87552K, used 8K [0x0000000081a00000, 0x0000000086f80000, 0x00000000d5e00000)
  object space 87552K, 0% used [0x0000000081a00000,0x0000000081a02000,0x0000000086f80000)
 Metaspace       used 5372K, capacity 5508K, committed 5632K, reserved 1067008K
  class space    used 644K, capacity 729K, committed 768K, reserved 1048576K
}
Event: 0.320 GC heap before
{Heap before GC invocations=2 (full 1):
 PSYoungGen      total 38400K, used 768K [0x00000000d5e00000, 0x00000000d8880000, 0x0000000100000000)
  eden space 33280K, 0% used [0x00000000d5e00000,0x00000000d5e00000,0x00000000d7e80000)
  from space 5120K, 15% used [0x00000000d7e80000,0x00000000d7f40020,0x00000000d8380000)
  to   space 5120K, 0% used [0x00000000d8380000,0x00000000d8380000,0x00000000d8880000)
 ParOldGen       total 87552K, used 8K [0x0000000081a00000, 0x0000000086f80000, 0x00000000d5e00000)
  object space 87552K, 0% used [0x0000000081a00000,0x0000000081a02000,0x0000000086f80000)
 Metaspace       used 5372K, capacity 5508K, committed 5632K, reserved 1067008K
  class space    used 644K, capacity 729K, committed 768K, reserved 1048576K
Event: 0.329 GC heap after
Heap after GC invocations=2 (full 1):
 PSYoungGen      total 38400K, used 0K [0x00000000d5e00000, 0x00000000d8880000, 0x0000000100000000)
  eden space 33280K, 0% used [0x00000000d5e00000,0x00000000d5e00000,0x00000000d7e80000)
  from space 5120K, 0% used [0x00000000d7e80000,0x00000000d7e80000,0x00000000d8380000)
  to   space 5120K, 0% used [0x00000000d8380000,0x00000000d8380000,0x00000000d8880000)
 ParOldGen       total 60928K, used 653K [0x0000000081a00000, 0x0000000085580000, 0x00000000d5e00000)
  object space 60928K, 1% used [0x0000000081a00000,0x0000000081aa3528,0x0000000085580000)
 Metaspace       used 5372K, capacity 5508K, committed 5632K, reserved 1062912K
  class space    used 644K, capacity 729K, committed 768K, reserved 1048576K
}
Event: 6.805 GC heap before
{Heap before GC invocations=3 (full 1):
 PSYoungGen      total 38400K, used 27523K [0x00000000d5e00000, 0x00000000d8880000, 0x0000000100000000)
  eden space 33280K, 82% used [0x00000000d5e00000,0x00000000d78e0cb8,0x00000000d7e80000)
  from space 5120K, 0% used [0x00000000d7e80000,0x00000000d7e80000,0x00000000d8380000)
  to   space 5120K, 0% used [0x00000000d8380000,0x00000000d8380000,0x00000000d8880000)
 ParOldGen       total 60928K, used 653K [0x0000000081a00000, 0x0000000085580000, 0x00000000d5e00000)
  object space 60928K, 1% used [0x0000000081a00000,0x0000000081aa3528,0x0000000085580000)
 Metaspace       used 16611K, capacity 16860K, committed 17152K, reserved 1075200K
  class space    used 1887K, capacity 1970K, committed 2048K, reserved 1048576K
Event: 6.815 GC heap after
Heap after GC invocations=3 (full 1):
 PSYoungGen      total 38400K, used 5090K [0x00000000d5e00000, 0x00000000d8880000, 0x0000000100000000)
  eden space 33280K, 0% used [0x00000000d5e00000,0x00000000d5e00000,0x00000000d7e80000)
  from space 5120K, 99% used [0x00000000d8380000,0x00000000d8878bf8,0x00000000d8880000)
  to   space 5120K, 0% used [0x00000000d7e80000,0x00000000d7e80000,0x00000000d8380000)
 ParOldGen       total 60928K, used 2456K [0x0000000081a00000, 0x0000000085580000, 0x00000000d5e00000)
  object space 60928K, 4% used [0x0000000081a00000,0x0000000081c66048,0x0000000085580000)
 Metaspace       used 16611K, capacity 16860K, committed 17152K, reserved 1075200K
  class space    used 1887K, capacity 1970K, committed 2048K, reserved 1048576K
}
Event: 6.815 GC heap before
{Heap before GC invocations=4 (full 2):
 PSYoungGen      total 38400K, used 5090K [0x00000000d5e00000, 0x00000000d8880000, 0x0000000100000000)
  eden space 33280K, 0% used [0x00000000d5e00000,0x00000000d5e00000,0x00000000d7e80000)
  from space 5120K, 99% used [0x00000000d8380000,0x00000000d8878bf8,0x00000000d8880000)
  to   space 5120K, 0% used [0x00000000d7e80000,0x00000000d7e80000,0x00000000d8380000)
 ParOldGen       total 60928K, used 2456K [0x0000000081a00000, 0x0000000085580000, 0x00000000d5e00000)
  object space 60928K, 4% used [0x0000000081a00000,0x0000000081c66048,0x0000000085580000)
 Metaspace       used 16611K, capacity 16860K, committed 17152K, reserved 1075200K
  class space    used 1887K, capacity 1970K, committed 2048K, reserved 1048576K
Event: 6.847 GC heap after
Heap after GC invocations=4 (full 2):
 PSYoungGen      total 38400K, used 0K [0x00000000d5e00000, 0x00000000d8880000, 0x0000000100000000)
  eden space 33280K, 0% used [0x00000000d5e00000,0x00000000d5e00000,0x00000000d7e80000)
  from space 5120K, 0% used [0x00000000d8380000,0x00000000d8380000,0x00000000d8880000)
  to   space 5120K, 0% used [0x00000000d7e80000,0x00000000d7e80000,0x00000000d8380000)
 ParOldGen       total 60928K, used 7265K [0x0000000081a00000, 0x0000000085580000, 0x00000000d5e00000)
  object space 60928K, 11% used [0x0000000081a00000,0x00000000821184b8,0x0000000085580000)
 Metaspace       used 16611K, capacity 16860K, committed 17152K, reserved 1073152K
  class space    used 1887K, capacity 1970K, committed 2048K, reserved 1048576K
}
Event: 6.914 GC heap before
{Heap before GC invocations=5 (full 2):
 PSYoungGen      total 38400K, used 4162K [0x00000000d5e00000, 0x00000000d8880000, 0x0000000100000000)
  eden space 33280K, 12% used [0x00000000d5e00000,0x00000000d62108c0,0x00000000d7e80000)
  from space 5120K, 0% used [0x00000000d8380000,0x00000000d8380000,0x00000000d8880000)
  to   space 5120K, 0% used [0x00000000d7e80000,0x00000000d7e80000,0x00000000d8380000)
 ParOldGen       total 60928K, used 7265K [0x0000000081a00000, 0x0000000085580000, 0x00000000d5e00000)
  object space 60928K, 11% used [0x0000000081a00000,0x00000000821184b8,0x0000000085580000)
 Metaspace       used 17381K, capacity 17628K, committed 17920K, reserved 1075200K
  class space    used 1966K, capacity 2034K, committed 2048K, reserved 1048576K
Event: 6.915 GC heap after
Heap after GC invocations=5 (full 2):
 PSYoungGen      total 38400K, used 679K [0x00000000d5e00000, 0x00000000d8880000, 0x0000000100000000)
  eden space 33280K, 0% used [0x00000000d5e00000,0x00000000d5e00000,0x00000000d7e80000)
  from space 5120K, 13% used [0x00000000d7e80000,0x00000000d7f29c28,0x00000000d8380000)
  to   space 5120K, 0% used [0x00000000d8380000,0x00000000d8380000,0x00000000d8880000)
 ParOldGen       total 60928K, used 7265K [0x0000000081a00000, 0x0000000085580000, 0x00000000d5e00000)
  object space 60928K, 11% used [0x0000000081a00000,0x00000000821184b8,0x0000000085580000)
 Metaspace       used 17381K, capacity 17628K, committed 17920K, reserved 1075200K
  class space    used 1966K, capacity 2034K, committed 2048K, reserved 1048576K
}
Event: 6.915 GC heap before
{Heap before GC invocations=6 (full 3):
 PSYoungGen      total 38400K, used 679K [0x00000000d5e00000, 0x00000000d8880000, 0x0000000100000000)
  eden space 33280K, 0% used [0x00000000d5e00000,0x00000000d5e00000,0x00000000d7e80000)
  from space 5120K, 13% used [0x00000000d7e80000,0x00000000d7f29c28,0x00000000d8380000)
  to   space 5120K, 0% used [0x00000000d8380000,0x00000000d8380000,0x00000000d8880000)
 ParOldGen       total 60928K, used 7265K [0x0000000081a00000, 0x0000000085580000, 0x00000000d5e00000)
  object space 60928K, 11% used [0x0000000081a00000,0x00000000821184b8,0x0000000085580000)
 Metaspace       used 17381K, capacity 17628K, committed 17920K, reserved 1075200K
  class space    used 1966K, capacity 2034K, committed 2048K, reserved 1048576K

